Propagating
Propagating
Propagating
Propagating
Propagating
Propagating
official 3 distance 733622.23
distance superieure à 1500
tour  1
tour  2
tour  3
tour  4
tour  5
tour  6
tour  7
tour  8
tour  9
tour  10
tour  11
tour  12
tour  13
tour  14
tour  15
tour  16
tour  17
tour  18
tour  19
tour  20
tour  21
tour  22
tour  23
tour  24
tour  25
tour  26
tour  27
tour  28
tour  29
tour  30
tour  31
tour  32
tour  33
tour  34
tour  35
tour  36
tour  37
tour  38
tour  39
tour  40
tour  41
tour  42
tour  43
tour  44
tour  45
tour  46
tour  47
tour  48
tour  49
tour  50
tour  51
tour  52
tour  53
tour  54
tour  55
tour  56
tour  57
tour  58
tour  59
tour  60
tour  61
tour  62
tour  63
tour  64
tour  65
tour  66
tour  67
tour  68
tour  69
tour  70
tour  71
tour  72
tour  73
tour  74
tour  75
tour  76
tour  77
tour  78
tour  79
tour  80
tour  81
tour  82
tour  83
tour  84
tour  85
tour  86
tour  87
tour  88
tour  89
tour  90
tour  91
tour  92
tour  93
tour  94
tour  95
tour  96
tour  97
tour  98
tour  99
tour  100
tour  101
tour  102
tour  103
tour  104
tour  105
tour  106
tour  107
tour  108
tour  109
tour  110
tour  111
tour  112
tour  113
tour  114
tour  115
tour  116
tour  117
tour  118
tour  119
tour  120
tour  121
tour  122
tour  123
tour  124
tour  125
tour  126
tour  127
tour  128
tour  129
tour  130
tour  131
tour  132
tour  133
tour  134
tour  135
tour  136
tour  137
tour  138
tour  139
tour  140
tour  141
tour  142
tour  143
tour  144
tour  145
tour  146
tour  147
tour  148
tour  149
tour  150
tour  151
tour  152
tour  153
tour  154
tour  155
tour  156
tour  157
tour  158
tour  159
tour  160
tour  161
tour  162
tour  163
tour  164
tour  165
tour  166
tour  167
tour  168
tour  169
tour  170
tour  171
tour  172
tour  173
tour  174
tour  175
tour  176
tour  177
tour  178
tour  179
tour  180
tour  181
tour  182
tour  183
tour  184
tour  185
tour  186
tour  187
tour  188
tour  189
tour  190
tour  191
tour  192
tour  193
tour  194
tour  195
tour  196
tour  197
tour  198
tour  199
tour  200
tour  201
tour  202
tour  203
tour  204
tour  205
tour  206
tour  207
tour  208
tour  209
tour  210
tour  211
tour  212
tour  213
tour  214
tour  215
tour  216
tour  217
tour  218
tour  219
tour  220
tour  221
tour  222
tour  223
tour  224
tour  225
tour  226
tour  227
tour  228
tour  229
tour  230
tour  231
tour  232
tour  233
tour  234
tour  235
tour  236
tour  237
tour  238
tour  239
tour  240
tour  241
tour  242
tour  243
tour  244
tour  245
tour  246
tour  247
tour  248
tour  249
tour  250
tour  251
tour  252
tour  253
tour  254
tour  255
tour  256
tour  257
tour  258
tour  259
tour  260
tour  261
tour  262
tour  263
tour  264
tour  265
tour  266
tour  267
tour  268
tour  269
tour  270
tour  271
tour  272
tour  273
tour  274
tour  275
tour  276
tour  277
tour  278
tour  279
tour  280
tour  281
tour  282
tour  283
tour  284
tour  285
tour  286
tour  287
tour  288
tour  289
tour  290
tour  291
tour  292
tour  293
tour  294
tour  295
tour  296
tour  297
tour  298
tour  299
tour  300
tour  301
tour  302
tour  303
tour  304
tour  305
tour  306
tour  307
tour  308
tour  309
tour  310
tour  311
tour  312
tour  313
tour  314
tour  315
tour  316
tour  317
tour  318
tour  319
tour  320
tour  321
tour  322
tour  323
tour  324
tour  325
tour  326
tour  327
tour  328
tour  329
tour  330
tour  331
tour  332
tour  333
tour  334
tour  335
tour  336
tour  337
tour  338
tour  339
tour  340
tour  341
tour  342
tour  343
tour  344
tour  345
tour  346
tour  347
tour  348
tour  349
tour  350
tour  351
tour  352
tour  353
tour  354
tour  355
tour  356
tour  357
tour  358
tour  359
tour  360
tour  361
tour  362
tour  363
tour  364
tour  365
tour  366
tour  367
tour  368
tour  369
tour  370
tour  371
tour  372
tour  373
tour  374
tour  375
tour  376
tour  377
tour  378
tour  379
tour  380
tour  381
tour  382
tour  383
tour  384
tour  385
tour  386
tour  387
tour  388
tour  389
tour  390
tour  391
tour  392
tour  393
tour  394
tour  395
tour  396
tour  397
tour  398
tour  399
tour  400
tour  401
tour  402
tour  403
tour  404
tour  405
tour  406
tour  407
tour  408
tour  409
tour  410
tour  411
tour  412
tour  413
tour  414
tour  415
tour  416
tour  417
tour  418
tour  419
tour  420
tour  421
tour  422
tour  423
tour  424
tour  425
tour  426
tour  427
tour  428
tour  429
tour  430
tour  431
tour  432
tour  433
tour  434
tour  435
tour  436
tour  437
tour  438
tour  439
tour  440
tour  441
tour  442
tour  443
tour  444
tour  445
tour  446
tour  447
tour  448
tour  449
tour  450
tour  451
tour  452
tour  453
tour  454
tour  455
tour  456
tour  457
tour  458
tour  459
tour  460
tour  461
tour  462
tour  463
tour  464
tour  465
tour  466
tour  467
tour  468
tour  469
tour  470
tour  471
tour  472
tour  473
tour  474
tour  475
tour  476
tour  477
tour  478
tour  479
tour  480
tour  481
tour  482
tour  483
tour  484
tour  485
tour  486
tour  487
tour  488
tour  489
tour  490
Propagating
Error creating_garde by cron: 'NoneType' object has no attribute 'distance'
Propagating
Propagating
official 3 distance 733622.23
distance superieure à 1500
tour  1
tour  2
tour  3
tour  4
tour  5
tour  6
tour  7
tour  8
tour  9
tour  10
tour  11
tour  12
tour  13
tour  14
tour  15
tour  16
tour  17
tour  18
tour  19
tour  20
tour  21
tour  22
tour  23
tour  24
tour  25
tour  26
tour  27
tour  28
tour  29
tour  30
tour  31
tour  32
tour  33
tour  34
tour  35
tour  36
tour  37
tour  38
tour  39
tour  40
tour  41
tour  42
tour  43
tour  44
tour  45
tour  46
tour  47
tour  48
tour  49
tour  50
tour  51
tour  52
tour  53
tour  54
tour  55
tour  56
tour  57
tour  58
tour  59
tour  60
tour  61
tour  62
tour  63
tour  64
tour  65
tour  66
tour  67
tour  68
tour  69
tour  70
tour  71
tour  72
tour  73
tour  74
tour  75
tour  76
tour  77
tour  78
tour  79
tour  80
tour  81
tour  82
tour  83
tour  84
tour  85
tour  86
tour  87
tour  88
tour  89
tour  90
tour  91
tour  92
tour  93
tour  94
tour  95
tour  96
tour  97
tour  98
tour  99
tour  100
tour  101
tour  102
tour  103
tour  104
tour  105
tour  106
tour  107
tour  108
tour  109
tour  110
tour  111
tour  112
tour  113
tour  114
tour  115
tour  116
tour  117
tour  118
tour  119
tour  120
tour  121
tour  122
tour  123
tour  124
tour  125
tour  126
tour  127
tour  128
tour  129
tour  130
tour  131
tour  132
tour  133
tour  134
tour  135
tour  136
tour  137
tour  138
tour  139
tour  140
tour  141
tour  142
tour  143
tour  144
tour  145
tour  146
tour  147
tour  148
tour  149
tour  150
tour  151
tour  152
tour  153
tour  154
tour  155
tour  156
tour  157
tour  158
tour  159
tour  160
tour  161
tour  162
tour  163
tour  164
tour  165
tour  166
tour  167
tour  168
tour  169
tour  170
tour  171
tour  172
tour  173
tour  174
tour  175
tour  176
tour  177
tour  178
tour  179
tour  180
tour  181
tour  182
tour  183
tour  184
tour  185
tour  186
tour  187
tour  188
tour  189
tour  190
tour  191
tour  192
tour  193
tour  194
tour  195
tour  196
tour  197
tour  198
tour  199
tour  200
tour  201
tour  202
tour  203
tour  204
tour  205
tour  206
tour  207
tour  208
tour  209
tour  210
tour  211
tour  212
tour  213
tour  214
tour  215
tour  216
tour  217
tour  218
tour  219
tour  220
tour  221
tour  222
tour  223
tour  224
tour  225
tour  226
tour  227
tour  228
tour  229
tour  230
tour  231
tour  232
tour  233
tour  234
tour  235
tour  236
tour  237
tour  238
tour  239
tour  240
tour  241
tour  242
tour  243
tour  244
tour  245
tour  246
tour  247
tour  248
tour  249
tour  250
tour  251
tour  252
tour  253
tour  254
tour  255
tour  256
tour  257
tour  258
tour  259
tour  260
tour  261
tour  262
tour  263
tour  264
tour  265
tour  266
tour  267
tour  268
tour  269
tour  270
tour  271
tour  272
tour  273
tour  274
tour  275
tour  276
tour  277
tour  278
tour  279
tour  280
tour  281
tour  282
tour  283
tour  284
tour  285
tour  286
tour  287
tour  288
tour  289
tour  290
tour  291
tour  292
tour  293
tour  294
tour  295
tour  296
tour  297
tour  298
tour  299
tour  300
tour  301
tour  302
tour  303
tour  304
tour  305
tour  306
tour  307
tour  308
tour  309
tour  310
tour  311
tour  312
tour  313
tour  314
tour  315
tour  316
tour  317
tour  318
tour  319
tour  320
tour  321
tour  322
tour  323
tour  324
tour  325
tour  326
tour  327
tour  328
tour  329
tour  330
tour  331
tour  332
tour  333
tour  334
tour  335
tour  336
tour  337
tour  338
tour  339
tour  340
tour  341
tour  342
tour  343
tour  344
tour  345
tour  346
tour  347
tour  348
tour  349
tour  350
tour  351
tour  352
tour  353
tour  354
tour  355
tour  356
tour  357
tour  358
tour  359
tour  360
tour  361
tour  362
tour  363
tour  364
tour  365
tour  366
tour  367
tour  368
tour  369
tour  370
tour  371
tour  372
tour  373
tour  374
tour  375
tour  376
tour  377
tour  378
tour  379
tour  380
tour  381
tour  382
tour  383
tour  384
tour  385
tour  386
tour  387
tour  388
tour  389
tour  390
tour  391
tour  392
tour  393
tour  394
tour  395
tour  396
tour  397
tour  398
tour  399
tour  400
tour  401
tour  402
tour  403
tour  404
tour  405
tour  406
tour  407
tour  408
tour  409
tour  410
tour  411
tour  412
tour  413
tour  414
tour  415
tour  416
tour  417
tour  418
tour  419
tour  420
tour  421
tour  422
tour  423
tour  424
tour  425
tour  426
tour  427
tour  428
tour  429
tour  430
tour  431
tour  432
tour  433
tour  434
tour  435
tour  436
tour  437
tour  438
tour  439
tour  440
tour  441
tour  442
tour  443
tour  444
tour  445
tour  446
tour  447
tour  448
tour  449
tour  450
tour  451
tour  452
tour  453
tour  454
tour  455
tour  456
tour  457
tour  458
tour  459
tour  460
tour  461
tour  462
tour  463
tour  464
tour  465
tour  466
tour  467
tour  468
tour  469
tour  470
tour  471
tour  472
tour  473
tour  474
tour  475
tour  476
tour  477
tour  478
tour  479
tour  480
tour  481
tour  482
tour  483
tour  484
tour  485
tour  486
tour  487
tour  488
tour  489
tour  490
Propagating
Propagating
Propagating
Propagating
Propagating
Propagating
Propagating
official 3 distance 733622.23
distance superieure à 1500
tour  1
tour  2
tour  3
tour  4
tour  5
tour  6
tour  7
tour  8
tour  9
tour  10
tour  11
tour  12
tour  13
tour  14
tour  15
tour  16
tour  17
tour  18
tour  19
tour  20
tour  21
tour  22
tour  23
tour  24
tour  25
tour  26
tour  27
tour  28
tour  29
tour  30
tour  31
tour  32
tour  33
tour  34
tour  35
tour  36
tour  37
tour  38
tour  39
tour  40
tour  41
tour  42
tour  43
tour  44
tour  45
tour  46
tour  47
tour  48
tour  49
tour  50
tour  51
tour  52
tour  53
tour  54
tour  55
tour  56
tour  57
tour  58
tour  59
tour  60
tour  61
tour  62
tour  63
tour  64
tour  65
tour  66
tour  67
tour  68
tour  69
tour  70
tour  71
tour  72
tour  73
tour  74
tour  75
tour  76
tour  77
tour  78
tour  79
tour  80
tour  81
tour  82
tour  83
tour  84
tour  85
tour  86
tour  87
tour  88
tour  89
tour  90
tour  91
tour  92
tour  93
tour  94
tour  95
tour  96
tour  97
tour  98
tour  99
tour  100
tour  101
tour  102
tour  103
tour  104
tour  105
tour  106
tour  107
tour  108
tour  109
tour  110
tour  111
tour  112
tour  113
tour  114
tour  115
tour  116
tour  117
tour  118
tour  119
tour  120
tour  121
tour  122
tour  123
tour  124
tour  125
tour  126
tour  127
tour  128
tour  129
tour  130
tour  131
tour  132
tour  133
tour  134
tour  135
tour  136
tour  137
tour  138
tour  139
tour  140
tour  141
tour  142
tour  143
tour  144
tour  145
tour  146
tour  147
tour  148
tour  149
tour  150
tour  151
tour  152
tour  153
tour  154
tour  155
tour  156
tour  157
tour  158
tour  159
tour  160
tour  161
tour  162
tour  163
tour  164
tour  165
tour  166
tour  167
tour  168
tour  169
tour  170
tour  171
tour  172
tour  173
tour  174
tour  175
tour  176
tour  177
tour  178
tour  179
tour  180
tour  181
tour  182
tour  183
tour  184
tour  185
tour  186
tour  187
tour  188
tour  189
tour  190
tour  191
tour  192
tour  193
tour  194
tour  195
tour  196
tour  197
tour  198
tour  199
tour  200
tour  201
tour  202
tour  203
tour  204
tour  205
tour  206
tour  207
tour  208
tour  209
tour  210
tour  211
tour  212
tour  213
tour  214
tour  215
tour  216
tour  217
tour  218
tour  219
tour  220
tour  221
tour  222
tour  223
tour  224
tour  225
tour  226
tour  227
tour  228
tour  229
tour  230
tour  231
tour  232
tour  233
tour  234
tour  235
tour  236
tour  237
tour  238
tour  239
tour  240
tour  241
tour  242
tour  243
tour  244
tour  245
tour  246
tour  247
tour  248
tour  249
tour  250
tour  251
tour  252
tour  253
tour  254
tour  255
tour  256
tour  257
tour  258
tour  259
tour  260
tour  261
tour  262
tour  263
tour  264
tour  265
tour  266
tour  267
tour  268
tour  269
tour  270
tour  271
tour  272
tour  273
tour  274
tour  275
tour  276
tour  277
tour  278
tour  279
tour  280
tour  281
tour  282
tour  283
tour  284
tour  285
tour  286
tour  287
tour  288
tour  289
tour  290
tour  291
tour  292
tour  293
tour  294
tour  295
tour  296
tour  297
tour  298
tour  299
tour  300
tour  301
tour  302
tour  303
tour  304
tour  305
tour  306
tour  307
tour  308
tour  309
tour  310
tour  311
tour  312
tour  313
tour  314
tour  315
tour  316
tour  317
tour  318
tour  319
tour  320
tour  321
tour  322
tour  323
tour  324
tour  325
tour  326
tour  327
tour  328
tour  329
tour  330
tour  331
tour  332
tour  333
tour  334
tour  335
tour  336
tour  337
tour  338
tour  339
tour  340
tour  341
tour  342
tour  343
tour  344
tour  345
tour  346
tour  347
tour  348
tour  349
tour  350
tour  351
tour  352
tour  353
tour  354
tour  355
tour  356
tour  357
tour  358
tour  359
tour  360
tour  361
tour  362
tour  363
tour  364
tour  365
tour  366
tour  367
tour  368
tour  369
tour  370
tour  371
tour  372
tour  373
tour  374
tour  375
tour  376
tour  377
tour  378
tour  379
tour  380
tour  381
tour  382
tour  383
tour  384
tour  385
tour  386
tour  387
tour  388
tour  389
tour  390
tour  391
tour  392
tour  393
tour  394
tour  395
tour  396
tour  397
tour  398
tour  399
tour  400
tour  401
tour  402
tour  403
tour  404
tour  405
tour  406
tour  407
tour  408
tour  409
tour  410
tour  411
tour  412
tour  413
tour  414
tour  415
tour  416
tour  417
tour  418
tour  419
tour  420
tour  421
tour  422
tour  423
tour  424
tour  425
tour  426
tour  427
tour  428
tour  429
tour  430
tour  431
tour  432
tour  433
tour  434
tour  435
tour  436
tour  437
tour  438
tour  439
tour  440
tour  441
tour  442
tour  443
tour  444
tour  445
tour  446
tour  447
tour  448
tour  449
tour  450
tour  451
tour  452
tour  453
tour  454
tour  455
tour  456
tour  457
tour  458
tour  459
tour  460
tour  461
tour  462
tour  463
tour  464
tour  465
tour  466
tour  467
tour  468
tour  469
tour  470
tour  471
tour  472
tour  473
tour  474
tour  475
tour  476
tour  477
tour  478
tour  479
tour  480
tour  481
tour  482
tour  483
tour  484
tour  485
tour  486
tour  487
tour  488
tour  489
tour  490
Propagating
Propagating
Propagating
Propagating
